[debug] [2025-05-24T07:40:51.242Z] ----------------------------------------------------------------------
[debug] [2025-05-24T07:40:51.244Z] Command:       /opt/homebrew/Cellar/node@22/22.13.0/bin/node /opt/homebrew/bin/firebase deploy
[debug] [2025-05-24T07:40:51.245Z] CLI Version:   13.29.1
[debug] [2025-05-24T07:40:51.245Z] Platform:      darwin
[debug] [2025-05-24T07:40:51.245Z] Node Version:  v22.13.0
[debug] [2025-05-24T07:40:51.245Z] Time:          Sat May 24 2025 13:10:51 GMT+0530 (India Standard Time)
[debug] [2025-05-24T07:40:51.245Z] ----------------------------------------------------------------------
[debug] 
[debug] [2025-05-24T07:40:51.247Z] >>> [apiv2][query] GET https://firebase-public.firebaseio.com/cli.json [none]
[debug] [2025-05-24T07:40:51.318Z] > command requires scopes: ["email","openid","https://www.googleapis.com/auth/cloudplatformprojects.readonly","https://www.googleapis.com/auth/firebase","https://www.googleapis.com/auth/cloud-platform"]
[debug] [2025-05-24T07:40:51.319Z] > authorizing via signed-in user (ajaynegi3345@gmail.com)
[debug] [2025-05-24T07:40:51.319Z] [iam] checking project ajaynegi1 for permissions ["firebase.projects.get","firebasehosting.sites.update"]
[debug] [2025-05-24T07:40:51.319Z] Checked if tokens are valid: false, expires at: 1747505442100
[debug] [2025-05-24T07:40:51.319Z] Checked if tokens are valid: false, expires at: 1747505442100
[debug] [2025-05-24T07:40:51.319Z] > refreshing access token with scopes: []
[debug] [2025-05-24T07:40:51.320Z] >>> [apiv2][query] POST https://www.googleapis.com/oauth2/v3/token [none]
[debug] [2025-05-24T07:40:51.320Z] >>> [apiv2][body] POST https://www.googleapis.com/oauth2/v3/token [omitted]
[debug] [2025-05-24T07:40:51.486Z] <<< [apiv2][status] POST https://www.googleapis.com/oauth2/v3/token 200
[debug] [2025-05-24T07:40:51.486Z] <<< [apiv2][body] POST https://www.googleapis.com/oauth2/v3/token [omitted]
[debug] [2025-05-24T07:40:51.497Z] >>> [apiv2][query] POST https://cloudresourcemanager.googleapis.com/v1/projects/ajaynegi1:testIamPermissions [none]
[debug] [2025-05-24T07:40:51.497Z] >>> [apiv2][(partial)header] POST https://cloudresourcemanager.googleapis.com/v1/projects/ajaynegi1:testIamPermissions x-goog-quota-user=projects/ajaynegi1
[debug] [2025-05-24T07:40:51.497Z] >>> [apiv2][body] POST https://cloudresourcemanager.googleapis.com/v1/projects/ajaynegi1:testIamPermissions {"permissions":["firebase.projects.get","firebasehosting.sites.update"]}
[debug] [2025-05-24T07:40:52.015Z] <<< [apiv2][status] GET https://firebase-public.firebaseio.com/cli.json 200
[debug] [2025-05-24T07:40:52.015Z] <<< [apiv2][body] GET https://firebase-public.firebaseio.com/cli.json {"cloudBuildErrorAfter":1594252800000,"cloudBuildWarnAfter":1590019200000,"defaultNode10After":1594252800000,"minVersion":"3.0.5","node8DeploysDisabledAfter":1613390400000,"node8RuntimeDisabledAfter":1615809600000,"node8WarnAfter":1600128000000}
[debug] [2025-05-24T07:40:53.039Z] <<< [apiv2][status] POST https://cloudresourcemanager.googleapis.com/v1/projects/ajaynegi1:testIamPermissions 200
[debug] [2025-05-24T07:40:53.040Z] <<< [apiv2][body] POST https://cloudresourcemanager.googleapis.com/v1/projects/ajaynegi1:testIamPermissions {"permissions":["firebase.projects.get","firebasehosting.sites.update"]}
[debug] [2025-05-24T07:40:53.040Z] Checked if tokens are valid: true, expires at: 1748076050486
[debug] [2025-05-24T07:40:53.040Z] Checked if tokens are valid: true, expires at: 1748076050486
[debug] [2025-05-24T07:40:53.041Z] >>> [apiv2][query] GET https://firebase.googleapis.com/v1beta1/projects/ajaynegi1 [none]
[debug] [2025-05-24T07:40:53.685Z] <<< [apiv2][status] GET https://firebase.googleapis.com/v1beta1/projects/ajaynegi1 200
[debug] [2025-05-24T07:40:53.685Z] <<< [apiv2][body] GET https://firebase.googleapis.com/v1beta1/projects/ajaynegi1 {"projectId":"ajaynegi1","projectNumber":"859615410192","displayName":"Ajay Negi","name":"projects/ajaynegi1","resources":{"hostingSite":"ajaynegi1"},"state":"ACTIVE","etag":"1_425a96cb-bacf-49d7-be37-2082eb1080d4"}
[info] 
[info] === Deploying to 'ajaynegi1'...
[info] 
[info] i  deploying hosting 
[debug] [2025-05-24T07:40:53.690Z] Checked if tokens are valid: true, expires at: 1748076050486
[debug] [2025-05-24T07:40:53.690Z] Checked if tokens are valid: true, expires at: 1748076050486
[debug] [2025-05-24T07:40:53.690Z] >>> [apiv2][query] POST https://firebasehosting.googleapis.com/v1beta1/projects/-/sites/ajaynegi/versions [none]
[debug] [2025-05-24T07:40:53.691Z] >>> [apiv2][body] POST https://firebasehosting.googleapis.com/v1beta1/projects/-/sites/ajaynegi/versions {"status":"CREATED","labels":{"deployment-tool":"cli-firebase"}}
[debug] [2025-05-24T07:40:55.293Z] <<< [apiv2][status] POST https://firebasehosting.googleapis.com/v1beta1/projects/-/sites/ajaynegi/versions 200
[debug] [2025-05-24T07:40:55.293Z] <<< [apiv2][body] POST https://firebasehosting.googleapis.com/v1beta1/projects/-/sites/ajaynegi/versions {"name":"projects/859615410192/sites/ajaynegi/versions/485554e625ab8f96","status":"CREATED","config":{},"labels":{"deployment-tool":"cli-firebase"}}
[info] i  hosting[ajaynegi]: beginning deploy... 
[info] i  hosting[ajaynegi]: found 56 files in dist 
[debug] [2025-05-24T07:40:55.312Z] [hosting] uploading with 200 concurrency
[debug] [2025-05-24T07:40:55.496Z] Checked if tokens are valid: true, expires at: 1748076050486
[debug] [2025-05-24T07:40:55.496Z] Checked if tokens are valid: true, expires at: 1748076050486
[debug] [2025-05-24T07:40:55.498Z] [hosting] hash cache [ZGlzdA] stored for 56 files
[debug] [2025-05-24T07:40:55.498Z] [hosting][hash queue][FINAL] {"max":178,"min":15,"avg":37.642857142857146,"active":0,"complete":56,"success":56,"errored":0,"retried":0,"total":56,"elapsed":183}
[debug] [2025-05-24T07:40:55.498Z] >>> [apiv2][query] POST https://firebasehosting.googleapis.com/v1beta1/projects/859615410192/sites/ajaynegi/versions/485554e625ab8f96:populateFiles [none]
[debug] [2025-05-24T07:40:55.499Z] >>> [apiv2][body] POST https://firebasehosting.googleapis.com/v1beta1/projects/859615410192/sites/ajaynegi/versions/485554e625ab8f96:populateFiles {"files":{"/sitemap-0.xml":"9347dbf928b98b84008527d74547d71233249d75eddbfe355839df53762311fc","/robots.txt":"9a1eca397ec30253188378c1c97e62baf505298465557a64c157ec4507e21e2e","/sitemap-index.xml":"337bc1a7c66fbd5238dd017b1ebe79f9388cd8e28c69e2a929617cc9923dc54b","/index.html":"821c9a3142dcf0f51b9504f57d99ac1c4af9b0eb8d1fa279f840e5f44aafc59d","/404.html":"0b1ab07a31f8d6323e35b07bf44b6f6e50f3eac53d2ce6659fab0820b78e8e1e","/sound/click.mp3":"f7fa0e16923f6f19cfbbf5e5097f0a73ed99391c51a0661a9687875a22642635","/hacked/index.html":"b85058dd8f2b46ee48e8d6597e7c13adeabaac2f38a38188ba732b0e2083758d","/certificate/index.html":"70d66aa78907c9442901a22d1b172c2e928d5ecca6e8ba1cfab2165a7cca1ed0","/contact/index.html":"1da74a8819bf381391b86a9e6ffadc3f583bb6d3d178f88a4db9bff82ceab18d","/blog/index.html":"d75de8419e015db0b54808454cf9168665fb79e813fede49a16bdee5d8f3a50b","/blog/Thread-Lifecycle.svg":"e42db3dc4a19cf723237bdb074f904fdf9babad499b788e6a6ef863a4bdbde17","/blog/docker-architecture/index.html":"1f40e0141c35dd74cf788c636c8d01deb34588374fccaef3a74104b2f741746a","/about/index.html":"e25f158ab2efc9b81f1a9d93b6a2c5251b9c360abc00e177eaebd8917544b66b","/_astro/index.C075_3gT.css":"d43ee4fd7ef794c863338467ec9dc37eb1907e7e5e73a9ee8b03b95631881bd3","/_astro/index.CvlqMFzS.css":"5e1ceb143da74fa10fad9857157bd8251774f715f3a2131083cc5177be4d3ea6","/_astro/_slug_.Da0vvdba.css":"6177798974eafd14838fdac92f40606e133c591a182f0cf09b59ec7d43c13836","/_astro/Vayu-project-banner.DHQoZR-K.avif":"90ea3c5589f60a3c1ea341e8709ae059e2e2f67ad0e73211d97edb688373db48","/blog/welcome-to-codies-coder/index.html":"a79ab4e598759d789cd5f3cb5258ee7ee18c7907acb4d3088c8c243b59b14939","/blog/jvm-architecture/index.html":"820c3062c563efa411e624571120546740824f1b17df5a2838858901d977f3f9","/_astro/Vector 3.BXI9GG2Q.svg":"9c489caefca8996b472c359ce0606387252c81e5a7a1734b36123f9a4aa8a5da","/blog/Multithreading.svg":"8e70d164d32c9731e1604d9b2effd1eea60383ce795027827384d8ec83e9a53e","/Codies-Coder-Banner.svg":"5d090bfee3111c7ed8bf8b7c4d15c0fbed80a6edbcc4bcde4f1b41d74a0d52c8","/_astro/Uttarakhand-Culture-Banner.Dda7aY7i.avif":"42200a1bf9a66bc726a0b7ee41f32c9a6defc0bea2854d23dec5caeb7a1a917c","/blog/Docker-Architecture.svg":"d07a1c25ca0b7fd13ed2e71084c3c82b3b1c9ebb2b637861906a3b2b92ea9f30","/blog/understanding-multithreading-in-java/index.html":"e08da75f5cd2befecad655801260dbd9d1ca641fdc207ca53d388011f57c1252","/_astro/Monolithic_MicroservicesArchitecture.B_1Sjf0Z.avif":"d25ea1bba537a51aac607c56ca10954626b24bf8e00277281580587b04dfdfe2","/_astro/SOLIDPrinciples.BSQzjnxE.avif":"0186d4937f2f3c98fe9ecabaac6f7939f18402f1a4c7697cdae0d2d8c64434f3","/_astro/profilephoto.-T9of3zz.avif":"a252400f4a8a96a659e09e96101920722f1745cc83ee6ba8d78283f8e661c43c","/_astro/oldschoolgame.D_dMMccY.avif":"ad3f8de41f11024a1f62b09962aac6dc3fc3b53f853405778107200996132b1b","/blog/Java-Architecture-Seo-Banner.svg":"a8c28b8c0f0b292e0c154e43013df49c1719ddbb3ece0af87437504290dd03f3","/_astro/ClientRouter.astro_astro_type_script_index_0_lang.BZs-2RF_.js":"5ee6aa053ebc5e79aef17a2eb042b6db64e214c2d7c086af17dd13ed1dc6c310","/AjayNegiPortfolioFavIcon.svg":"1cacc763332d6433b049097a63d3273f40deea0b1f45da0ec874c47695bddabe","/AjayNegiPortfolioSEOBanner (2).png":"ecabacfddfb8da816c40aef0f86d6d9bb2a5815d8e06e2d15e1e1f4d006e090f","/_astro/InfosysHighImpactPresentations.C6TI3MPa.avif":"b9d8e4fb1a4aac6417b1ab04707207afeebabb713c1db1c35d06ed2d8bfbaf5e","/_astro/InfosysDatabaseManagementSystemPart1.DJdZ3L4P.avif":"a9acbf0c145af25372e4e3b94ae0a3431d9bac1a0f078ceb0030520ebbb01d10","/_astro/InfosysDatabaseManagementSystemPart2.CICcAUlE.avif":"8c4a87f49d879711e7deb64ae44061a58ab1c2ca5e49ce0345de6ebcf229cf17","/_astro/InfosysEmailWritingSkills.CdJWPU87.avif":"0e16d8be3a43f52e8d41d6285275ca30b1bdd6f6885f5d9ab5b8c2ee25c462ed","/_astro/InfosysIntroductiontoNoSQLdatabases._TmeiEcA.avif":"0393229eb9ad710c8b8fdaa1c5fd8b9425ef519b15618fb4ee23824623d14f62","/_astro/InfosysJavaFoundation.BUI29UGv.avif":"e8c3d346b2d8f587b5dfd3a63dea2353ebe72cf2ed14b04173fbc0d39c46162e","/_astro/GSSOC2024Extd.B_-Kthmv.avif":"a17d9ee98acca5079ac6bbc90a5e7dcb6f522c72b95ac6ac2c2499d0bc00429e","/_astro/InfosysTimeManagement.r43-pCJk.avif":"aae548167e1ea462b40bf6c6b55eec0daf7d1e579980f27d534b85f9322fae6d","/_astro/InfosysProgrammingusingJava.CmPJU6k_.avif":"8aa39579999727a02448b0ee22ddadd734e51b89539dc3b36c7d7cc7094f5151","/_astro/Resume.Ct4ie6kq.pdf":"f1f093bdc5dce5040525346988971a8832431bc5f8912760ea32c6ce7a0457cd","/_astro/AdvancedExcel.CGY4Dajw.avif":"7063d90f869aec6bde1438880871621635aad668b5f651c4a9e3429ba01cd377","/_astro/InfosysDataStructuresandAlgorithmsusingJava.CWLKo1Z6.avif":"66147e3f3b41a67905e3f868e178864437ad4bc68606a38ed14a73fc98b549c5","/_astro/CKAD.BmFXjNMb.avif":"762f37eeb02835c43225395f9dfb20437b6ed5d106c074a2f1addcdfcdfb3fb5","/_astro/GooglePython.I3UoqXoP.avif":"e709462e2d2226a92b6022193211f333950d489a859ef398f6b992a3fb25a6a2","/_astro/InfosysInternship.DbxhVfLu.avif":"9de69bf4eaf914ab6d7d015071a3985c6443ebfac274797251fe101a811379be","/_astro/AgileScrum.SBic4puL.avif":"5e6769c21a65968ee7d53fa51095ef357f24e99104637c6655c17542b6e61393","/_astro/InfosysSoftwareEngineeringandAgilesoftwaredevelopment.BC67-QKA.avif":"0d54fd30307ba570c67efeca2698ce707e195798bc6f231bdc735d44103b915f","/_astro/GoogleDigitalMarketing.B_cXon3x.avif":"5784af62831c6eb30e639a438a0e08d8d8010df81d2ba53c2c17607adc82c099","/AjayNegiPortfolioSEOBanner.avif":"6f10df02ead0c33b909c6b923d62ecdbb9fd54c5010ef8a21156dacd188b52f4","/_astro/Banner.Bd4rQ2uI.avif":"b3abd56d60297b098f804e0d4cd25422b6643eb9edea18302d24bb687c13cb85","/AjayNegiPortfolioSEOBanner.png":"54fb5c9cb3df127e82ddb6661c0614bf7873ced397635ad4d415e401ea1f9112","/background.png":"f58d036473cdddb7f135013d4496458950883df3118f7785960f4be43d2efc02","/AjayNegiBackground.jpeg":"a13b49e09e5cbda84dd5e863990d1375ae6908d74c002463339411ea83799af9"}}
[debug] [2025-05-24T07:40:56.215Z] <<< [apiv2][status] POST https://firebasehosting.googleapis.com/v1beta1/projects/859615410192/sites/ajaynegi/versions/485554e625ab8f96:populateFiles 200
[debug] [2025-05-24T07:40:56.215Z] <<< [apiv2][body] POST https://firebasehosting.googleapis.com/v1beta1/projects/859615410192/sites/ajaynegi/versions/485554e625ab8f96:populateFiles {"uploadRequiredHashes":["f1f093bdc5dce5040525346988971a8832431bc5f8912760ea32c6ce7a0457cd","0b1ab07a31f8d6323e35b07bf44b6f6e50f3eac53d2ce6659fab0820b78e8e1e","70d66aa78907c9442901a22d1b172c2e928d5ecca6e8ba1cfab2165a7cca1ed0","d75de8419e015db0b54808454cf9168665fb79e813fede49a16bdee5d8f3a50b","b85058dd8f2b46ee48e8d6597e7c13adeabaac2f38a38188ba732b0e2083758d","1da74a8819bf381391b86a9e6ffadc3f583bb6d3d178f88a4db9bff82ceab18d","821c9a3142dcf0f51b9504f57d99ac1c4af9b0eb8d1fa279f840e5f44aafc59d","820c3062c563efa411e624571120546740824f1b17df5a2838858901d977f3f9","e25f158ab2efc9b81f1a9d93b6a2c5251b9c360abc00e177eaebd8917544b66b","e08da75f5cd2befecad655801260dbd9d1ca641fdc207ca53d388011f57c1252","1f40e0141c35dd74cf788c636c8d01deb34588374fccaef3a74104b2f741746a","a79ab4e598759d789cd5f3cb5258ee7ee18c7907acb4d3088c8c243b59b14939"],"uploadUrl":"https://upload-firebasehosting.googleapis.com/upload/sites/ajaynegi/versions/485554e625ab8f96/files"}
[debug] [2025-05-24T07:40:56.215Z] Checked if tokens are valid: true, expires at: 1748076050486
[debug] [2025-05-24T07:40:56.215Z] Checked if tokens are valid: true, expires at: 1748076050486
[debug] [2025-05-24T07:40:56.215Z] Checked if tokens are valid: true, expires at: 1748076050486
[debug] [2025-05-24T07:40:56.215Z] Checked if tokens are valid: true, expires at: 1748076050486
[debug] [2025-05-24T07:40:56.216Z] Checked if tokens are valid: true, expires at: 1748076050486
[debug] [2025-05-24T07:40:56.216Z] Checked if tokens are valid: true, expires at: 1748076050486
[debug] [2025-05-24T07:40:56.216Z] Checked if tokens are valid: true, expires at: 1748076050486
[debug] [2025-05-24T07:40:56.216Z] Checked if tokens are valid: true, expires at: 1748076050486
[debug] [2025-05-24T07:40:56.216Z] Checked if tokens are valid: true, expires at: 1748076050486
[debug] [2025-05-24T07:40:56.216Z] Checked if tokens are valid: true, expires at: 1748076050486
[debug] [2025-05-24T07:40:56.216Z] Checked if tokens are valid: true, expires at: 1748076050486
[debug] [2025-05-24T07:40:56.216Z] Checked if tokens are valid: true, expires at: 1748076050486
[debug] [2025-05-24T07:40:56.216Z] Checked if tokens are valid: true, expires at: 1748076050486
[debug] [2025-05-24T07:40:56.216Z] Checked if tokens are valid: true, expires at: 1748076050486
[debug] [2025-05-24T07:40:56.216Z] Checked if tokens are valid: true, expires at: 1748076050486
[debug] [2025-05-24T07:40:56.216Z] Checked if tokens are valid: true, expires at: 1748076050486
[debug] [2025-05-24T07:40:56.216Z] Checked if tokens are valid: true, expires at: 1748076050486
[debug] [2025-05-24T07:40:56.216Z] Checked if tokens are valid: true, expires at: 1748076050486
[debug] [2025-05-24T07:40:56.216Z] Checked if tokens are valid: true, expires at: 1748076050486
[debug] [2025-05-24T07:40:56.216Z] Checked if tokens are valid: true, expires at: 1748076050486
[debug] [2025-05-24T07:40:56.216Z] Checked if tokens are valid: true, expires at: 1748076050486
[debug] [2025-05-24T07:40:56.216Z] Checked if tokens are valid: true, expires at: 1748076050486
[debug] [2025-05-24T07:40:56.216Z] Checked if tokens are valid: true, expires at: 1748076050486
[debug] [2025-05-24T07:40:56.216Z] Checked if tokens are valid: true, expires at: 1748076050486
[debug] [2025-05-24T07:40:56.217Z] >>> [apiv2][query] POST https://upload-firebasehosting.googleapis.com/upload/sites/ajaynegi/versions/485554e625ab8f96/files/f1f093bdc5dce5040525346988971a8832431bc5f8912760ea32c6ce7a0457cd [none]
[debug] [2025-05-24T07:40:56.217Z] >>> [apiv2][body] POST https://upload-firebasehosting.googleapis.com/upload/sites/ajaynegi/versions/485554e625ab8f96/files/f1f093bdc5dce5040525346988971a8832431bc5f8912760ea32c6ce7a0457cd [stream]
[debug] [2025-05-24T07:40:56.218Z] >>> [apiv2][query] POST https://upload-firebasehosting.googleapis.com/upload/sites/ajaynegi/versions/485554e625ab8f96/files/0b1ab07a31f8d6323e35b07bf44b6f6e50f3eac53d2ce6659fab0820b78e8e1e [none]
[debug] [2025-05-24T07:40:56.218Z] >>> [apiv2][body] POST https://upload-firebasehosting.googleapis.com/upload/sites/ajaynegi/versions/485554e625ab8f96/files/0b1ab07a31f8d6323e35b07bf44b6f6e50f3eac53d2ce6659fab0820b78e8e1e [stream]
[debug] [2025-05-24T07:40:56.219Z] >>> [apiv2][query] POST https://upload-firebasehosting.googleapis.com/upload/sites/ajaynegi/versions/485554e625ab8f96/files/70d66aa78907c9442901a22d1b172c2e928d5ecca6e8ba1cfab2165a7cca1ed0 [none]
[debug] [2025-05-24T07:40:56.219Z] >>> [apiv2][body] POST https://upload-firebasehosting.googleapis.com/upload/sites/ajaynegi/versions/485554e625ab8f96/files/70d66aa78907c9442901a22d1b172c2e928d5ecca6e8ba1cfab2165a7cca1ed0 [stream]
[debug] [2025-05-24T07:40:56.220Z] >>> [apiv2][query] POST https://upload-firebasehosting.googleapis.com/upload/sites/ajaynegi/versions/485554e625ab8f96/files/d75de8419e015db0b54808454cf9168665fb79e813fede49a16bdee5d8f3a50b [none]
[debug] [2025-05-24T07:40:56.220Z] >>> [apiv2][body] POST https://upload-firebasehosting.googleapis.com/upload/sites/ajaynegi/versions/485554e625ab8f96/files/d75de8419e015db0b54808454cf9168665fb79e813fede49a16bdee5d8f3a50b [stream]
[debug] [2025-05-24T07:40:56.222Z] >>> [apiv2][query] POST https://upload-firebasehosting.googleapis.com/upload/sites/ajaynegi/versions/485554e625ab8f96/files/b85058dd8f2b46ee48e8d6597e7c13adeabaac2f38a38188ba732b0e2083758d [none]
[debug] [2025-05-24T07:40:56.222Z] >>> [apiv2][body] POST https://upload-firebasehosting.googleapis.com/upload/sites/ajaynegi/versions/485554e625ab8f96/files/b85058dd8f2b46ee48e8d6597e7c13adeabaac2f38a38188ba732b0e2083758d [stream]
[debug] [2025-05-24T07:40:56.222Z] >>> [apiv2][query] POST https://upload-firebasehosting.googleapis.com/upload/sites/ajaynegi/versions/485554e625ab8f96/files/1da74a8819bf381391b86a9e6ffadc3f583bb6d3d178f88a4db9bff82ceab18d [none]
[debug] [2025-05-24T07:40:56.222Z] >>> [apiv2][body] POST https://upload-firebasehosting.googleapis.com/upload/sites/ajaynegi/versions/485554e625ab8f96/files/1da74a8819bf381391b86a9e6ffadc3f583bb6d3d178f88a4db9bff82ceab18d [stream]
[debug] [2025-05-24T07:40:56.223Z] >>> [apiv2][query] POST https://upload-firebasehosting.googleapis.com/upload/sites/ajaynegi/versions/485554e625ab8f96/files/821c9a3142dcf0f51b9504f57d99ac1c4af9b0eb8d1fa279f840e5f44aafc59d [none]
[debug] [2025-05-24T07:40:56.223Z] >>> [apiv2][body] POST https://upload-firebasehosting.googleapis.com/upload/sites/ajaynegi/versions/485554e625ab8f96/files/821c9a3142dcf0f51b9504f57d99ac1c4af9b0eb8d1fa279f840e5f44aafc59d [stream]
[debug] [2025-05-24T07:40:56.223Z] >>> [apiv2][query] POST https://upload-firebasehosting.googleapis.com/upload/sites/ajaynegi/versions/485554e625ab8f96/files/820c3062c563efa411e624571120546740824f1b17df5a2838858901d977f3f9 [none]
[debug] [2025-05-24T07:40:56.223Z] >>> [apiv2][body] POST https://upload-firebasehosting.googleapis.com/upload/sites/ajaynegi/versions/485554e625ab8f96/files/820c3062c563efa411e624571120546740824f1b17df5a2838858901d977f3f9 [stream]
[debug] [2025-05-24T07:40:56.224Z] >>> [apiv2][query] POST https://upload-firebasehosting.googleapis.com/upload/sites/ajaynegi/versions/485554e625ab8f96/files/e25f158ab2efc9b81f1a9d93b6a2c5251b9c360abc00e177eaebd8917544b66b [none]
[debug] [2025-05-24T07:40:56.224Z] >>> [apiv2][body] POST https://upload-firebasehosting.googleapis.com/upload/sites/ajaynegi/versions/485554e625ab8f96/files/e25f158ab2efc9b81f1a9d93b6a2c5251b9c360abc00e177eaebd8917544b66b [stream]
[debug] [2025-05-24T07:40:56.224Z] >>> [apiv2][query] POST https://upload-firebasehosting.googleapis.com/upload/sites/ajaynegi/versions/485554e625ab8f96/files/e08da75f5cd2befecad655801260dbd9d1ca641fdc207ca53d388011f57c1252 [none]
[debug] [2025-05-24T07:40:56.224Z] >>> [apiv2][body] POST https://upload-firebasehosting.googleapis.com/upload/sites/ajaynegi/versions/485554e625ab8f96/files/e08da75f5cd2befecad655801260dbd9d1ca641fdc207ca53d388011f57c1252 [stream]
[debug] [2025-05-24T07:40:56.225Z] >>> [apiv2][query] POST https://upload-firebasehosting.googleapis.com/upload/sites/ajaynegi/versions/485554e625ab8f96/files/1f40e0141c35dd74cf788c636c8d01deb34588374fccaef3a74104b2f741746a [none]
[debug] [2025-05-24T07:40:56.225Z] >>> [apiv2][body] POST https://upload-firebasehosting.googleapis.com/upload/sites/ajaynegi/versions/485554e625ab8f96/files/1f40e0141c35dd74cf788c636c8d01deb34588374fccaef3a74104b2f741746a [stream]
[debug] [2025-05-24T07:40:56.225Z] >>> [apiv2][query] POST https://upload-firebasehosting.googleapis.com/upload/sites/ajaynegi/versions/485554e625ab8f96/files/a79ab4e598759d789cd5f3cb5258ee7ee18c7907acb4d3088c8c243b59b14939 [none]
[debug] [2025-05-24T07:40:56.225Z] >>> [apiv2][body] POST https://upload-firebasehosting.googleapis.com/upload/sites/ajaynegi/versions/485554e625ab8f96/files/a79ab4e598759d789cd5f3cb5258ee7ee18c7907acb4d3088c8c243b59b14939 [stream]
[debug] [2025-05-24T07:40:56.226Z] [hosting][populate queue][FINAL] {"max":721,"min":721,"avg":721,"active":0,"complete":1,"success":1,"errored":0,"retried":0,"total":1,"elapsed":731}
[debug] [2025-05-24T07:40:56.226Z] [hosting] uploads queued: 12
[debug] [2025-05-24T07:40:57.455Z] <<< [apiv2][status] POST https://upload-firebasehosting.googleapis.com/upload/sites/ajaynegi/versions/485554e625ab8f96/files/820c3062c563efa411e624571120546740824f1b17df5a2838858901d977f3f9 200
[debug] [2025-05-24T07:40:57.455Z] <<< [apiv2][body] POST https://upload-firebasehosting.googleapis.com/upload/sites/ajaynegi/versions/485554e625ab8f96/files/820c3062c563efa411e624571120546740824f1b17df5a2838858901d977f3f9 [stream]
[debug] [2025-05-24T07:40:57.591Z] <<< [apiv2][status] POST https://upload-firebasehosting.googleapis.com/upload/sites/ajaynegi/versions/485554e625ab8f96/files/0b1ab07a31f8d6323e35b07bf44b6f6e50f3eac53d2ce6659fab0820b78e8e1e 200
[debug] [2025-05-24T07:40:57.591Z] <<< [apiv2][body] POST https://upload-firebasehosting.googleapis.com/upload/sites/ajaynegi/versions/485554e625ab8f96/files/0b1ab07a31f8d6323e35b07bf44b6f6e50f3eac53d2ce6659fab0820b78e8e1e [stream]
[debug] [2025-05-24T07:40:57.698Z] <<< [apiv2][status] POST https://upload-firebasehosting.googleapis.com/upload/sites/ajaynegi/versions/485554e625ab8f96/files/f1f093bdc5dce5040525346988971a8832431bc5f8912760ea32c6ce7a0457cd 200
[debug] [2025-05-24T07:40:57.698Z] <<< [apiv2][body] POST https://upload-firebasehosting.googleapis.com/upload/sites/ajaynegi/versions/485554e625ab8f96/files/f1f093bdc5dce5040525346988971a8832431bc5f8912760ea32c6ce7a0457cd [stream]
[debug] [2025-05-24T07:40:57.784Z] <<< [apiv2][status] POST https://upload-firebasehosting.googleapis.com/upload/sites/ajaynegi/versions/485554e625ab8f96/files/1da74a8819bf381391b86a9e6ffadc3f583bb6d3d178f88a4db9bff82ceab18d 200
[debug] [2025-05-24T07:40:57.784Z] <<< [apiv2][body] POST https://upload-firebasehosting.googleapis.com/upload/sites/ajaynegi/versions/485554e625ab8f96/files/1da74a8819bf381391b86a9e6ffadc3f583bb6d3d178f88a4db9bff82ceab18d [stream]
[debug] [2025-05-24T07:40:58.039Z] <<< [apiv2][status] POST https://upload-firebasehosting.googleapis.com/upload/sites/ajaynegi/versions/485554e625ab8f96/files/d75de8419e015db0b54808454cf9168665fb79e813fede49a16bdee5d8f3a50b 200
[debug] [2025-05-24T07:40:58.040Z] <<< [apiv2][body] POST https://upload-firebasehosting.googleapis.com/upload/sites/ajaynegi/versions/485554e625ab8f96/files/d75de8419e015db0b54808454cf9168665fb79e813fede49a16bdee5d8f3a50b [stream]
[debug] [2025-05-24T07:40:58.052Z] <<< [apiv2][status] POST https://upload-firebasehosting.googleapis.com/upload/sites/ajaynegi/versions/485554e625ab8f96/files/821c9a3142dcf0f51b9504f57d99ac1c4af9b0eb8d1fa279f840e5f44aafc59d 200
[debug] [2025-05-24T07:40:58.052Z] <<< [apiv2][body] POST https://upload-firebasehosting.googleapis.com/upload/sites/ajaynegi/versions/485554e625ab8f96/files/821c9a3142dcf0f51b9504f57d99ac1c4af9b0eb8d1fa279f840e5f44aafc59d [stream]
[debug] [2025-05-24T07:40:58.138Z] <<< [apiv2][status] POST https://upload-firebasehosting.googleapis.com/upload/sites/ajaynegi/versions/485554e625ab8f96/files/b85058dd8f2b46ee48e8d6597e7c13adeabaac2f38a38188ba732b0e2083758d 200
[debug] [2025-05-24T07:40:58.138Z] <<< [apiv2][body] POST https://upload-firebasehosting.googleapis.com/upload/sites/ajaynegi/versions/485554e625ab8f96/files/b85058dd8f2b46ee48e8d6597e7c13adeabaac2f38a38188ba732b0e2083758d [stream]
[debug] [2025-05-24T07:40:58.160Z] <<< [apiv2][status] POST https://upload-firebasehosting.googleapis.com/upload/sites/ajaynegi/versions/485554e625ab8f96/files/a79ab4e598759d789cd5f3cb5258ee7ee18c7907acb4d3088c8c243b59b14939 200
[debug] [2025-05-24T07:40:58.160Z] <<< [apiv2][body] POST https://upload-firebasehosting.googleapis.com/upload/sites/ajaynegi/versions/485554e625ab8f96/files/a79ab4e598759d789cd5f3cb5258ee7ee18c7907acb4d3088c8c243b59b14939 [stream]
[debug] [2025-05-24T07:40:58.195Z] <<< [apiv2][status] POST https://upload-firebasehosting.googleapis.com/upload/sites/ajaynegi/versions/485554e625ab8f96/files/e08da75f5cd2befecad655801260dbd9d1ca641fdc207ca53d388011f57c1252 200
[debug] [2025-05-24T07:40:58.195Z] <<< [apiv2][body] POST https://upload-firebasehosting.googleapis.com/upload/sites/ajaynegi/versions/485554e625ab8f96/files/e08da75f5cd2befecad655801260dbd9d1ca641fdc207ca53d388011f57c1252 [stream]
